<?xml version="1.0" encoding="UTF-8"?>
<testsuite name="StringCalculatorTest" tests="1" skipped="0" failures="0" errors="0" timestamp="2021-06-28T06:50:43" hostname="silicon" time="0.023">
  <properties/>
  <testcase name="Initializing code kata" classname="StringCalculatorTest" time="0.023"/>
  <system-out><![CDATA[]]></system-out>
  <system-err><![CDATA[]]></system-err>
</testsuite>
